<?xml version="1.0" encoding="utf-8"?><testsuites name="pytest tests"><testsuite name="pytest" errors="0" failures="0" skipped="0" tests="4" time="2.469" timestamp="2026-08-07T16:17:27.157010+00:00" hostname="agent-env-82eb8667-e479-48f0-9e99-6e82e6e22f3f"><testcase classname="tests.test_iteration5_slips" name="test_staff_create_receival_with_slips" time="1.221" /><testcase classname="tests.test_iteration5_slips" name="test_staff_update_slips_and_changelog" time="0.292" /><testcase classname="tests.test_iteration5_slips" name="test_admin_update_slips" time="0.241" /><testcase classname="tests.test_iteration5_slips" name="test_create_receival_without_slips_defaults_empty" time="0.659" /></testsuite></testsuites>