<?xml version="1.0" encoding="utf-8"?><testsuites name="pytest tests"><testsuite name="pytest" errors="0" failures="0" skipped="0" tests="6" time="4.567" timestamp="2026-08-24T22:15:56.129265+00:00" hostname="agent-env-82eb8667-e479-48f0-9e99-6e82e6e22f3f"><testcase classname="tests.test_iteration11_locations" name="test_locations_seeded" time="0.349" /><testcase classname="tests.test_iteration11_locations" name="test_location_add_delete_admin" time="1.252" /><testcase classname="tests.test_iteration11_locations" name="test_location_add_forbidden_for_staff" time="0.337" /><testcase classname="tests.test_iteration11_locations" name="test_create_receival_with_location" time="0.612" /><testcase classname="tests.test_iteration11_locations" name="test_update_receival_locationid_persists" time="0.695" /><testcase classname="tests.test_iteration11_locations" name="test_staff_cannot_edit_locationid" time="0.725" /></testsuite></testsuites>