<?xml version="1.0" encoding="utf-8"?><testsuites name="pytest tests"><testsuite name="pytest" errors="0" failures="0" skipped="0" tests="4" time="2.436" timestamp="2026-08-15T08:48:53.029516+00:00" hostname="agent-env-82eb8667-e479-48f0-9e99-6e82e6e22f3f"><testcase classname="tests.test_iteration10_status_color" name="test_list_statuses_returns_color_field" time="0.588" /><testcase classname="tests.test_iteration10_status_color" name="test_create_update_no_color_status" time="0.762" /><testcase classname="tests.test_iteration10_status_color" name="test_receival_enrich_includes_status_color" time="0.277" /><testcase classname="tests.test_iteration10_status_color" name="test_admin_only_status_update" time="0.306" /></testsuite></testsuites>