<?xml version="1.0" encoding="utf-8"?><testsuites name="pytest tests"><testsuite name="pytest" errors="0" failures="0" skipped="0" tests="5" time="4.116" timestamp="2026-08-07T17:20:39.501118+00:00" hostname="agent-env-82eb8667-e479-48f0-9e99-6e82e6e22f3f"><testcase classname="tests.test_iteration6_invoice" name="test_create_ignores_dispute_field" time="1.726" /><testcase classname="tests.test_iteration6_invoice" name="test_admin_can_set_invoice_number" time="1.073" /><testcase classname="tests.test_iteration6_invoice" name="test_staff_cannot_set_invoice_number" time="0.259" /><testcase classname="tests.test_iteration6_invoice" name="test_staff_can_edit_allowed_fields" time="0.249" /><testcase classname="tests.test_iteration6_invoice" name="test_receival_list_includes_invoice" time="0.319" /></testsuite></testsuites>