<?xml version="1.0" encoding="utf-8"?><testsuites name="pytest tests"><testsuite name="pytest" errors="0" failures="0" skipped="0" tests="17" time="3.837" timestamp="2026-08-07T16:05:07.136660+00:00" hostname="agent-env-82eb8667-e479-48f0-9e99-6e82e6e22f3f"><testcase classname="tests.test_iteration4" name="test_staff_login_success" time="0.150" /><testcase classname="tests.test_iteration4" name="test_staff_login_bad_pin" time="0.116" /><testcase classname="tests.test_iteration4" name="test_me_staff" time="0.124" /><testcase classname="tests.test_iteration4" name="test_me_admin" time="0.453" /><testcase classname="tests.test_iteration4" name="test_staff_cannot_list_staff" time="0.261" /><testcase classname="tests.test_iteration4" name="test_staff_cannot_create_supplier" time="0.099" /><testcase classname="tests.test_iteration4" name="test_staff_cannot_create_status" time="0.104" /><testcase classname="tests.test_iteration4" name="test_staff_cannot_delete_archive" time="0.152" /><testcase classname="tests.test_iteration4" name="test_staff_cannot_get_archive_preview" time="0.103" /><testcase classname="tests.test_iteration4" name="test_staff_created_receival_no_pin_required" time="0.561" /><testcase classname="tests.test_iteration4" name="test_staff_cannot_delete_receival" time="0.113" /><testcase classname="tests.test_iteration4" name="test_staff_cannot_change_supplier" time="0.227" /><testcase classname="tests.test_iteration4" name="test_staff_cannot_change_checklist" time="0.115" /><testcase classname="tests.test_iteration4" name="test_staff_can_edit_pallet_items_observation" time="0.149" /><testcase classname="tests.test_iteration4" name="test_staff_can_add_and_remove_media" time="0.590" /><testcase classname="tests.test_iteration4" name="test_admin_can_change_supplier" time="0.239" /><testcase classname="tests.test_iteration4" name="test_create_receival_requires_auth" time="0.225" /></testsuite></testsuites>