<?xml version="1.0" encoding="utf-8"?><testsuites name="pytest tests"><testsuite name="pytest" errors="0" failures="0" skipped="0" tests="8" time="3.744" timestamp="2026-08-07T17:48:38.637665+00:00" hostname="agent-env-82eb8667-e479-48f0-9e99-6e82e6e22f3f"><testcase classname="tests.test_iteration7_dashboard" name="test_config_get_default_status" time="0.494" /><testcase classname="tests.test_iteration7_dashboard" name="test_put_config_admin_only" time="0.230" /><testcase classname="tests.test_iteration7_dashboard" name="test_put_config_and_create_uses_default" time="0.801" /><testcase classname="tests.test_iteration7_dashboard" name="test_auto_invoice_flag" time="0.474" /><testcase classname="tests.test_iteration7_dashboard" name="test_staff_cannot_edit_invoice" time="0.317" /><testcase classname="tests.test_iteration7_dashboard" name="test_analytics_admin_only" time="0.117" /><testcase classname="tests.test_iteration7_dashboard" name="test_analytics_payload" time="0.107" /><testcase classname="tests.test_iteration7_dashboard" name="test_create_receival_with_slips_and_totals" time="0.726" /></testsuite></testsuites>