<?xml version="1.0" encoding="utf-8"?><testsuites name="pytest tests"><testsuite name="pytest" errors="0" failures="0" skipped="0" tests="16" time="5.849" timestamp="2026-08-07T15:19:19.836667+00:00" hostname="agent-env-82eb8667-e479-48f0-9e99-6e82e6e22f3f"><testcase classname="tests.backend_test" name="test_login_bad_password" time="0.499" /><testcase classname="tests.backend_test" name="test_me" time="0.510" /><testcase classname="tests.backend_test" name="test_me_unauth" time="0.120" /><testcase classname="tests.backend_test" name="test_verify_pin_ok" time="0.148" /><testcase classname="tests.backend_test" name="test_verify_pin_bad" time="0.102" /><testcase classname="tests.backend_test" name="test_suppliers_public_list" time="0.097" /><testcase classname="tests.backend_test" name="test_statuses_public_list" time="0.104" /><testcase classname="tests.backend_test" name="test_supplier_crud" time="0.563" /><testcase classname="tests.backend_test" name="test_status_add_delete" time="0.196" /><testcase classname="tests.backend_test" name="test_staff_add_delete" time="0.338" /><testcase classname="tests.backend_test" name="test_create_receival_bad_pin" time="0.217" /><testcase classname="tests.backend_test" name="test_list_receivals" time="1.302" /><testcase classname="tests.backend_test" name="test_update_receival_supplier" time="0.360" /><testcase classname="tests.backend_test" name="test_file_serve" time="0.391" /><testcase classname="tests.backend_test" name="test_archive_preview" time="0.127" /><testcase classname="tests.backend_test" name="test_receivals_requires_auth" time="0.242" /></testsuite></testsuites>