<?xml version="1.0" encoding="utf-8"?><testsuites name="pytest tests"><testsuite name="pytest" errors="0" failures="0" skipped="0" tests="19" time="24.059" timestamp="2026-08-07T15:36:52.952058+00:00" hostname="agent-env-82eb8667-e479-48f0-9e99-6e82e6e22f3f"><testcase classname="tests.backend_test" name="test_login_bad_password" time="0.554" /><testcase classname="tests.backend_test" name="test_me" time="0.503" /><testcase classname="tests.backend_test" name="test_me_unauth" time="0.147" /><testcase classname="tests.backend_test" name="test_verify_pin_ok" time="0.134" /><testcase classname="tests.backend_test" name="test_verify_pin_bad" time="0.099" /><testcase classname="tests.backend_test" name="test_suppliers_public_list" time="0.107" /><testcase classname="tests.backend_test" name="test_statuses_public_list" time="0.104" /><testcase classname="tests.backend_test" name="test_supplier_crud" time="0.540" /><testcase classname="tests.backend_test" name="test_status_add_delete" time="0.197" /><testcase classname="tests.backend_test" name="test_staff_add_delete" time="0.305" /><testcase classname="tests.backend_test" name="test_create_receival_bad_pin" time="0.147" /><testcase classname="tests.backend_test" name="test_list_receivals" time="1.238" /><testcase classname="tests.backend_test" name="test_update_receival_supplier" time="0.308" /><testcase classname="tests.backend_test" name="test_file_serve" time="0.293" /><testcase classname="tests.backend_test" name="test_archive_preview" time="0.105" /><testcase classname="tests.backend_test" name="test_receivals_requires_auth" time="0.118" /><testcase classname="tests.backend_test" name="test_create_receival_without_supplier" time="0.224" /><testcase classname="tests.backend_test" name="test_create_receival_multiple_signatures" time="17.873" /><testcase classname="tests.backend_test" name="test_update_receival_all_fields" time="0.544" /></testsuite></testsuites>